[manuel@nhri heatEquation3d]$ sh run.sh 
rm *.o *.txt *.run
rm: cannot remove ‘*.txt’: No such file or directory
make: *** [clean] Error 1
g++ -O3 -c main.cpp -fopenmp -lgomp 
g++ -O3 -c heat3d.cpp -fopenmp -lgomp
g++ main.o heat3d.o -O3 -fopenmp -lgomp -o heat3d.run
Final time: 0.0109577
Using OMP solver with Dirichlet BCs 
=========================== HeatEq3D (7-pt) =======================
Optimization                                 :  none
Kernel time ex. data transfers               :  0.090000 seconds
===================================================================
Total effective GFLOPs                       :  0.568889
===================================================================
3D Grid Size                                 :  40 x 40 x 40 
Iterations                                   :  100
Final Time                                   :  0.0109577
===================================================================
L1 norm                                       :  5.405495e-04
L2 norm                                       :  7.419210e-04
Linf norm                                     :  2.093467e-03
Final time: 0.00267051
Using OMP solver with Dirichlet BCs 
=========================== HeatEq3D (7-pt) =======================
Optimization                                 :  none
Kernel time ex. data transfers               :  0.490000 seconds
===================================================================
Total effective GFLOPs                       :  0.835918
===================================================================
3D Grid Size                                 :  80 x 80 x 80 
Iterations                                   :  100
Final Time                                   :  0.00267051
===================================================================
L1 norm                                       :  1.840621e-04
L2 norm                                       :  2.522871e-04
Linf norm                                     :  7.129523e-04
Final time: 0.000659257
Using OMP solver with Dirichlet BCs 
=========================== HeatEq3D (7-pt) =======================
Optimization                                 :  none
Kernel time ex. data transfers               :  3.760000 seconds
===================================================================
Total effective GFLOPs                       :  0.871489
===================================================================
3D Grid Size                                 :  160 x 160 x 160 
Iterations                                   :  100
Final Time                                   :  0.000659257
===================================================================
L1 norm                                       :  4.889324e-05
L2 norm                                       :  6.701152e-05
Linf norm                                     :  1.901987e-04
Final time: 0.000163782
Using OMP solver with Dirichlet BCs 
=========================== HeatEq3D (7-pt) =======================
Optimization                                 :  none
Kernel time ex. data transfers               :  30.090000 seconds
===================================================================
Total effective GFLOPs                       :  0.871200
===================================================================
3D Grid Size                                 :  320 x 320 x 320 
Iterations                                   :  100
Final Time                                   :  0.000163782
===================================================================
L1 norm                                       :  1.144122e-05
L2 norm                                       :  1.646325e-05
Linf norm                                     :  4.910159e-05
Final time: 4.08176e-05
Using OMP solver with Dirichlet BCs 
=========================== HeatEq3D (7-pt) =======================
Optimization                                 :  none
Kernel time ex. data transfers               :  239.970001 seconds
===================================================================
Total effective GFLOPs                       :  0.873923
===================================================================
3D Grid Size                                 :  640 x 640 x 640 
Iterations                                   :  100
Final Time                                   :  4.08176e-05
===================================================================
L1 norm                                       :  9.811545e-07
L2 norm                                       :  3.074426e-06
Linf norm                                     :  1.325440e-05
[manuel@nhri heatEquation3d]$ 

